<?xml version="1.0" encoding="UTF-8"?>
<!-- Generated by org.testng.reporters.JUnitXMLReporter -->
<testsuite ignored="4" hostname="DESKTOP-S1VV6A4" failures="1" tests="2" name="ChromeTest" time="20.376" errors="0" timestamp="2025-01-11T07:56:11 IST">
  <testcase classname="org.QAfoxProject.Desktops.Desktops_MacTest" name="addProduct_Desktops_Mac" time="10.922"/>
  <testcase classname="org.QAfoxProject.Desktops.Desktops_PCTest" name="addProduct_Desktops_PCTest" time="0.179">
    <failure type="java.lang.NullPointerException" message="Cannot invoke &amp;quot;com.aventstack.extentreports.ExtentTest.log(com.aventstack.extentreports.Status, String)&amp;quot; because &amp;quot;this.test&amp;quot; is null">
      <![CDATA[java.lang.NullPointerException: Cannot invoke "com.aventstack.extentreports.ExtentTest.log(com.aventstack.extentreports.Status, String)" because "this.test" is null
at org.QAfoxProject.Desktops.Desktops_PCTest.addProduct_Desktops_PCTest(Desktops_PCTest.java:26)
at java.base/java.util.ArrayList.forEach(ArrayList.java:1597)
at java.base/java.util.concurrent.FutureTask.run(FutureTask.java:317)
at java.base/java.util.concurrent.ThreadPoolExecutor.runWorker(ThreadPoolExecutor.java:1144)
at java.base/java.util.concurrent.ThreadPoolExecutor$Worker.run(ThreadPoolExecutor.java:642)
at java.base/java.lang.Thread.run(Thread.java:1575)
... Removed 15 stack frames]]>
    </failure>
  </testcase> <!-- addProduct_Desktops_PCTest -->
  <testcase classname="org.QAfoxProjectGenericUtility.BaseConfigaration" name="@BeforeTest getTestRunnerConnection" time="0.0">
    <ignored/>
  </testcase> <!-- @BeforeTest getTestRunnerConnection -->
  <testcase classname="org.QAfoxProjectGenericUtility.BaseConfigaration" name="@AfterTest terminateTestRunnerConnection" time="0.0">
    <ignored/>
  </testcase> <!-- @AfterTest terminateTestRunnerConnection -->
  <testcase classname="org.QAfoxProjectGenericUtility.BaseConfigaration" name="@AfterSuite terminateReportConnection" time="0.0">
    <ignored/>
  </testcase> <!-- @AfterSuite terminateReportConnection -->
  <testcase classname="org.QAfoxProjectGenericUtility.BaseConfigaration" name="@BeforeSuite getReportConnection" time="0.0">
    <ignored/>
  </testcase> <!-- @BeforeSuite getReportConnection -->
</testsuite> <!-- ChromeTest -->
